src/android_extras/android_tutorial_hokuyo/build/outputs/apk/manifest-merger-release-report.txt
-- Merging decision tree log ---
manifest
ADDED from AndroidManifest.xml:2:1
	package
		ADDED from AndroidManifest.xml:3:5
	android:versionName
		ADDED from AndroidManifest.xml:5:5
	android:versionCode
		ADDED from AndroidManifest.xml:4:5
		INJECTED from AndroidManifest.xml:0:0
		INJECTED from AndroidManifest.xml:0:0
	xmlns:android
		ADDED from AndroidManifest.xml:2:11
uses-feature#android.hardware.usb.host
ADDED from AndroidManifest.xml:7:5
	android:name
		ADDED from AndroidManifest.xml:7:19
uses-sdk
ADDED from AndroidManifest.xml:9:5
MERGED from org.ros.android_core:android_10:0.2.0:8:5
MERGED from org.ros.android_core:android_acm_serial:0.2.0:8:5
MERGED from org.ros.android_core:android_15:0.2.0:8:5
MERGED from org.ros.android_core:android_10:0.2.0:8:5
MERGED from com.android.support:support-v4:21.0.3:15:5
MERGED from org.ros.android_core:android_10:0.2.0:8:5
	android:targetSdkVersion
		ADDED from org.ros.android_core:android_10:0.2.0:10:9
	android:minSdkVersion
		ADDED from AndroidManifest.xml:9:15
uses-permission#android.permission.INTERNET
ADDED from AndroidManifest.xml:11:5
	android:name
		ADDED from AndroidManifest.xml:11:22
uses-permission#android.permission.WAKE_LOCK
ADDED from AndroidManifest.xml:12:5
MERGED from org.ros.android_core:android_10:0.2.0:15:5
MERGED from org.ros.android_core:android_10:0.2.0:15:5
MERGED from org.ros.android_core:android_10:0.2.0:15:5
	android:name
		ADDED from AndroidManifest.xml:12:22
application
ADDED from AndroidManifest.xml:14:5
MERGED from org.ros.android_core:android_10:0.2.0:18:5
MERGED from org.ros.android_core:android_10:0.2.0:18:5
MERGED from com.android.support:support-v4:21.0.3:16:5
MERGED from org.ros.android_core:android_10:0.2.0:18:5
	android:label
		ADDED from AndroidManifest.xml:16:9
	android:allowBackup
		ADDED from AndroidManifest.xml:17:9
	android:icon
		ADDED from AndroidManifest.xml:15:9
activity#com.github.rosjava.android_extras.android_tutorial_hokuyo.MainActivity
ADDED from AndroidManifest.xml:18:9
	android:label
		ADDED from AndroidManifest.xml:20:13
	android:launchMode
		ADDED from AndroidManifest.xml:21:13
	android:name
		ADDED from AndroidManifest.xml:19:13
intent-filter#android.intent.action.MAIN+android.intent.category.LAUNCHER
ADDED from AndroidManifest.xml:22:13
action#android.intent.action.MAIN
ADDED from AndroidManifest.xml:23:17
	android:name
		ADDED from AndroidManifest.xml:23:25
category#android.intent.category.LAUNCHER
ADDED from AndroidManifest.xml:25:17
	android:name
		ADDED from AndroidManifest.xml:25:27
intent-filter#android.hardware.usb.action.USB_DEVICE_ATTACHED
ADDED from AndroidManifest.xml:27:13
action#android.hardware.usb.action.USB_DEVICE_ATTACHED
ADDED from AndroidManifest.xml:28:17
	android:name
		ADDED from AndroidManifest.xml:28:25
meta-data#android.hardware.usb.action.USB_DEVICE_ATTACHED
ADDED from AndroidManifest.xml:31:13
	android:resource
		ADDED from AndroidManifest.xml:33:17
	android:name
		ADDED from AndroidManifest.xml:32:17
activity#org.ros.android.MasterChooser
ADDED from AndroidManifest.xml:35:9
MERGED from org.ros.android_core:android_10:0.2.0:21:9
MERGED from org.ros.android_core:android_10:0.2.0:21:9
MERGED from org.ros.android_core:android_10:0.2.0:21:9
	android:label
		ADDED from org.ros.android_core:android_10:0.2.0:23:13
	android:launchMode
		ADDED from org.ros.android_core:android_10:0.2.0:24:13
	android:name
		ADDED from AndroidManifest.xml:35:19
service#org.ros.android.NodeMainExecutorService
ADDED from AndroidManifest.xml:37:9
MERGED from org.ros.android_core:android_10:0.2.0:26:9
MERGED from org.ros.android_core:android_10:0.2.0:26:9
MERGED from org.ros.android_core:android_10:0.2.0:26:9
	tools:ignore
		ADDED from org.ros.android_core:android_10:0.2.0:28:13
	android:name
		ADDED from AndroidManifest.xml:37:18
intent-filter#org.ros.android.NodeMainExecutorService
ADDED from AndroidManifest.xml:38:13
action#org.ros.android.NodeMainExecutorService
ADDED from AndroidManifest.xml:39:17
	android:name
		ADDED from AndroidManifest.xml:39:25
uses-permission#android.permission.WRITE_EXTERNAL_STORAGE
ADDED from org.ros.android_core:android_10:0.2.0:12:5
MERGED from org.ros.android_core:android_10:0.2.0:12:5
MERGED from org.ros.android_core:android_10:0.2.0:12:5
	android:name
		ADDED from org.ros.android_core:android_10:0.2.0:12:22
uses-permission#android.permission.ACCESS_WIFI_STATE
ADDED from org.ros.android_core:android_10:0.2.0:13:5
MERGED from org.ros.android_core:android_10:0.2.0:13:5
MERGED from org.ros.android_core:android_10:0.2.0:13:5
	android:name
		ADDED from org.ros.android_core:android_10:0.2.0:13:22
uses-permission#android.permission.CHANGE_WIFI_STATE
ADDED from org.ros.android_core:android_10:0.2.0:14:5
MERGED from org.ros.android_core:android_10:0.2.0:14:5
MERGED from org.ros.android_core:android_10:0.2.0:14:5
	android:name
		ADDED from org.ros.android_core:android_10:0.2.0:14:22
uses-permission#android.permission.SYSTEM_ALERT_WINDOW
ADDED from org.ros.android_core:android_10:0.2.0:16:5
MERGED from org.ros.android_core:android_10:0.2.0:16:5
MERGED from org.ros.android_core:android_10:0.2.0:16:5
	android:name
		ADDED from org.ros.android_core:android_10:0.2.0:16:22
android:uses-permission#android.permission.READ_EXTERNAL_STORAGE
IMPLIED from AndroidManifest.xml:2:1 reason: org.ros.android.android_10 requested WRITE_EXTERNAL_STORAGE